<?xml version="1.0" encoding="UTF-8"?>
<!-- Generated by org.testng.reporters.JUnitXMLReporter -->
<testsuite hostname="Mayank-Rock" ignored="0" name="Banking Web Test(failed)" tests="2" failures="0" timestamp="2025-06-23T14:22:35 IST" time="39.187" errors="0">
  <testcase name="logoutTest" time="17.803" classname="com.initBanking.testCases.TC_Logout_02"/>
  <testcase name="loginTest" time="2.33" classname="com.initBanking.testCases.TC_LoginTest_001"/>
</testsuite> <!-- Banking Web Test(failed) -->
